<?xml version="1.0" encoding="UTF-8"?>
<testsuite xmlns:xsi="http://www.w3.org/2001/XMLSchema-instance" xsi:noNamespaceSchemaLocation="https://maven.apache.org/surefire/maven-surefire-plugin/xsd/surefire-test-report-3.0.xsd" version="3.0" name="com.example.testcontainers.demo.player.PlayerControllerTest" time="31.616" tests="1" errors="0" skipped="0" failures="0">
  <properties>
[...]
</properties>
  <testcase name="testPlayerEndpoints" classname="com.example.testcontainers.demo.player.PlayerControllerTest" time="0.97">
    <system-out><![CDATA[2023-11-29T15:41:33.841+05:30  INFO 84596 --- [           main] t.c.s.AnnotationConfigContextLoaderUtils : Could not detect default configuration classes for test class [com.example.testcontainers.demo.player.PlayerControllerTest]: PlayerControllerTest does not declare any static, non-private, non-final, nested classes annotated with @Configuration.
2023-11-29T15:41:33.849+05:30  INFO 84596 --- [           main] .b.t.c.SpringBootTestContextBootstrapper : Found @SpringBootConfiguration com.example.testcontainers.demo.DemoApplication for test class com.example.testcontainers.demo.player.PlayerControllerTest
2023-11-29T15:41:33.852+05:30  INFO 84596 --- [           main] tc.postgres:15-alpine                    : Creating container for image: postgres:15-alpine
2023-11-29T15:41:34.358+05:30  INFO 84596 --- [           main] tc.postgres:15-alpine                    : Container postgres:15-alpine is starting: 31f084a3abd715383cb80161b20ba465c2460b0e7a69e75407f147b1bcbdb8b4
2023-11-29T15:41:55.733+05:30  INFO 84596 --- [           main] tc.postgres:15-alpine                    : Container postgres:15-alpine started in PT21.879882S
2023-11-29T15:41:55.741+05:30  INFO 84596 --- [           main] tc.postgres:15-alpine                    : Container is started (JDBC URL: jdbc:postgresql://localhost:61090/test?loggerLevel=OFF)

  .   ____          _            __ _ _
 /\\ / ___'_ __ _ _(_)_ __  __ _ \ \ \ \
( ( )\___ | '_ | '_| | '_ \/ _` | \ \ \ \
 \\/  ___)| |_)| | | | | || (_| |  ) ) ) )
  '  |____| .__|_| |_|_| |_\__, | / / / /
 =========|_|==============|___/=/_/_/_/
 :: Spring Boot ::                (v3.1.5)

2023-11-29T15:41:56.559+05:30  INFO 84596 --- [           main] c.e.t.demo.player.PlayerControllerTest   : Starting PlayerControllerTest using Java 20.0.2 with PID 84596 (started by parveshbhardwaj in /Users/parveshbhardwaj/Documents/citizen/pocs/demo-testcontainers)
2023-11-29T15:41:56.561+05:30  INFO 84596 --- [           main] c.e.t.demo.player.PlayerControllerTest   : No active profile set, falling back to 1 default profile: "default"
2023-11-29T15:41:57.398+05:30  INFO 84596 --- [           main] .s.d.r.c.RepositoryConfigurationDelegate : Bootstrapping Spring Data JPA repositories in DEFAULT mode.
2023-11-29T15:41:57.425+05:30  INFO 84596 --- [           main] .s.d.r.c.RepositoryConfigurationDelegate : Finished Spring Data repository scanning in 25 ms. Found 1 JPA repository interfaces.
2023-11-29T15:41:58.447+05:30  INFO 84596 --- [           main] o.s.b.w.embedded.tomcat.TomcatWebServer  : Tomcat initialized with port(s): 0 (http)
2023-11-29T15:41:58.480+05:30  INFO 84596 --- [           main] o.apache.catalina.core.StandardService   : Starting service [Tomcat]
2023-11-29T15:41:58.482+05:30  INFO 84596 --- [           main] o.apache.catalina.core.StandardEngine    : Starting Servlet engine: [Apache Tomcat/10.1.15]
2023-11-29T15:41:59.100+05:30  INFO 84596 --- [           main] o.a.c.c.C.[Tomcat].[localhost].[/]       : Initializing Spring embedded WebApplicationContext
2023-11-29T15:41:59.106+05:30  INFO 84596 --- [           main] w.s.c.ServletWebServerApplicationContext : Root WebApplicationContext: initialization completed in 2527 ms
2023-11-29T15:42:00.113+05:30  INFO 84596 --- [           main] liquibase.database                       : Set default schema name to public
2023-11-29T15:42:00.358+05:30  INFO 84596 --- [           main] liquibase.changelog                      : Creating database history table with name: public.databasechangelog
2023-11-29T15:42:00.716+05:30  INFO 84596 --- [           main] liquibase.changelog                      : Reading from public.databasechangelog
2023-11-29T15:42:01.011+05:30  INFO 84596 --- [           main] liquibase.lockservice                    : Successfully acquired change log lock
2023-11-29T15:42:01.317+05:30  INFO 84596 --- [           main] liquibase.command                        : Using deploymentId: 1252721317
2023-11-29T15:42:01.322+05:30  INFO 84596 --- [           main] liquibase.changelog                      : Reading from public.databasechangelog
Running Changeset: db/changelog/changes/create-player-00001.sql::player_table::parvesh
2023-11-29T15:42:01.370+05:30  INFO 84596 --- [           main] liquibase.changelog                      : Custom SQL executed
2023-11-29T15:42:01.381+05:30  INFO 84596 --- [           main] liquibase.changelog                      : ChangeSet db/changelog/changes/create-player-00001.sql::player_table::parvesh ran successfully in 51ms
2023-11-29T15:42:01.400+05:30  INFO 84596 --- [           main] liquibase.util                           : UPDATE SUMMARY
2023-11-29T15:42:01.400+05:30  INFO 84596 --- [           main] liquibase.util                           : Run:                          1
2023-11-29T15:42:01.400+05:30  INFO 84596 --- [           main] liquibase.util                           : Previously run:               0
2023-11-29T15:42:01.401+05:30  INFO 84596 --- [           main] liquibase.util                           : Filtered out:                 0
2023-11-29T15:42:01.401+05:30  INFO 84596 --- [           main] liquibase.util                           : -------------------------------
2023-11-29T15:42:01.401+05:30  INFO 84596 --- [           main] liquibase.util                           : Total change sets:            1


UPDATE SUMMARY
Run:                          1
Previously run:               0
Filtered out:                 0
-------------------------------
Total change sets:            1

2023-11-29T15:42:01.401+05:30  INFO 84596 --- [           main] liquibase.util                           : Update summary generated
2023-11-29T15:42:01.401+05:30  INFO 84596 --- [           main] liquibase.command                        : Update command completed successfully.
Liquibase: Update has been successful. Rows affected: 1
2023-11-29T15:42:01.413+05:30  INFO 84596 --- [           main] liquibase.lockservice                    : Successfully released change log lock
2023-11-29T15:42:01.417+05:30  INFO 84596 --- [           main] liquibase.command                        : Command execution complete
2023-11-29T15:42:01.434+05:30  INFO 84596 --- [           main] com.zaxxer.hikari.HikariDataSource       : HikariPool-3 - Starting...
2023-11-29T15:42:01.494+05:30  INFO 84596 --- [           main] com.zaxxer.hikari.pool.HikariPool        : HikariPool-3 - Added connection org.postgresql.jdbc.PgConnection@20de9df
2023-11-29T15:42:01.495+05:30  INFO 84596 --- [           main] com.zaxxer.hikari.HikariDataSource       : HikariPool-3 - Start completed.
2023-11-29T15:42:01.522+05:30  INFO 84596 --- [           main] o.hibernate.jpa.internal.util.LogHelper  : HHH000204: Processing PersistenceUnitInfo [name: default]
2023-11-29T15:42:01.539+05:30  INFO 84596 --- [           main] o.s.o.j.p.SpringPersistenceUnitInfo      : No LoadTimeWeaver setup: ignoring JPA class transformer
2023-11-29T15:42:01.951+05:30  INFO 84596 --- [           main] o.h.e.t.j.p.i.JtaPlatformInitiator       : HHH000489: No JTA platform available (set 'hibernate.transaction.jta.platform' to enable JTA platform integration)
2023-11-29T15:42:01.953+05:30  INFO 84596 --- [           main] j.LocalContainerEntityManagerFactoryBean : Initialized JPA EntityManagerFactory for persistence unit 'default'
2023-11-29T15:42:02.457+05:30  WARN 84596 --- [           main] JpaBaseConfiguration$JpaWebConfiguration : spring.jpa.open-in-view is enabled by default. Therefore, database queries may be performed during view rendering. Explicitly configure spring.jpa.open-in-view to disable this warning
2023-11-29T15:42:03.568+05:30  INFO 84596 --- [           main] o.s.b.w.embedded.tomcat.TomcatWebServer  : Tomcat started on port(s): 61140 (http) with context path ''
2023-11-29T15:42:03.581+05:30  INFO 84596 --- [           main] c.e.t.demo.player.PlayerControllerTest   : Started PlayerControllerTest in 7.758 seconds (process running for 143.951)
2023-11-29T15:42:04.204+05:30  INFO 84596 --- [o-auto-1-exec-1] o.a.c.c.C.[Tomcat].[localhost].[/]       : Initializing Spring DispatcherServlet 'dispatcherServlet'
2023-11-29T15:42:04.205+05:30  INFO 84596 --- [o-auto-1-exec-1] o.s.web.servlet.DispatcherServlet        : Initializing Servlet 'dispatcherServlet'
2023-11-29T15:42:04.209+05:30  INFO 84596 --- [o-auto-1-exec-1] o.s.web.servlet.DispatcherServlet        : Completed initialization in 4 ms
create player
]]></system-out>
  </testcase>
</testsuite>