<?xml version="1.0" encoding="UTF-8"?>
<testsuite xmlns:xsi="http://www.w3.org/2001/XMLSchema-instance" xsi:noNamespaceSchemaLocation="https://maven.apache.org/surefire/maven-surefire-plugin/xsd/surefire-test-report-3.0.xsd" version="3.0" name="com.example.testcontainers.demo.player.PlayerRepositoryTest" time="82.981" tests="2" errors="0" skipped="0" failures="0">
  <properties>
[...]
</properties>
  <testcase name="testPlayerSaveAndFindById" classname="com.example.testcontainers.demo.player.PlayerRepositoryTest" time="2.06">
    <system-out><![CDATA[15:39:43.759 [main] INFO org.springframework.test.context.support.AnnotationConfigContextLoaderUtils -- Could not detect default configuration classes for test class [com.example.testcontainers.demo.player.PlayerRepositoryTest]: PlayerRepositoryTest does not declare any static, non-private, non-final, nested classes annotated with @Configuration.
15:39:44.280 [main] INFO org.testcontainers.utility.ImageNameSubstitutor -- Image name substitution will be performed by: DefaultImageNameSubstitutor (composite of 'ConfigurationFileImageNameSubstitutor' and 'PrefixingImageNameSubstitutor')
15:39:45.276 [main] INFO org.testcontainers.dockerclient.DockerClientProviderStrategy -- Loaded org.testcontainers.dockerclient.UnixSocketClientProviderStrategy from ~/.testcontainers.properties, will try it first
15:39:46.679 [main] INFO org.testcontainers.dockerclient.DockerClientProviderStrategy -- Found Docker environment with local Unix socket (unix:///var/run/docker.sock)
15:39:46.699 [main] INFO org.testcontainers.DockerClientFactory -- Docker host IP address is localhost
15:39:46.890 [main] INFO org.testcontainers.DockerClientFactory -- Connected to docker: 
  Server Version: 20.10.23
  API Version: 1.41
  Operating System: Docker Desktop
  Total Memory: 7859 MB
15:39:47.244 [main] INFO tc.testcontainers/ryuk:0.5.1 -- Creating container for image: testcontainers/ryuk:0.5.1
15:39:49.783 [main] INFO org.testcontainers.utility.RegistryAuthLocator -- Credential helper/store (docker-credential-desktop) does not have credentials for https://index.docker.io/v1/
15:39:50.770 [main] INFO tc.testcontainers/ryuk:0.5.1 -- Container testcontainers/ryuk:0.5.1 is starting: bd1cc9039d9bff21df583e4b8637322ca215db05ebe4a38010d765b3fc2ea3e7
15:40:04.780 [main] INFO tc.testcontainers/ryuk:0.5.1 -- Container testcontainers/ryuk:0.5.1 started in PT17.858182S
15:40:04.919 [main] INFO org.testcontainers.utility.RyukResourceReaper -- Ryuk started - will monitor and terminate Testcontainers containers on JVM exit
15:40:04.919 [main] INFO org.testcontainers.DockerClientFactory -- Checking the system...
15:40:04.921 [main] INFO org.testcontainers.DockerClientFactory -- ✔︎ Docker server version should be at least 1.6.0
15:40:05.999 [main] INFO org.springframework.boot.test.context.SpringBootTestContextBootstrapper -- Found @SpringBootConfiguration com.example.testcontainers.demo.DemoApplication for test class com.example.testcontainers.demo.player.PlayerRepositoryTest
15:40:06.394 [main] INFO tc.postgres:15-alpine -- Creating container for image: postgres:15-alpine
15:40:06.801 [main] INFO tc.postgres:15-alpine -- Container postgres:15-alpine is starting: 894969d5d9e06df51391f5939f8c72143949764927ffa3850d88a81caf950468
15:40:29.502 [main] INFO tc.postgres:15-alpine -- Container postgres:15-alpine started in PT23.106196S
15:40:29.570 [main] INFO tc.postgres:15-alpine -- Container is started (JDBC URL: jdbc:postgresql://localhost:60936/test?loggerLevel=OFF)

  .   ____          _            __ _ _
 /\\ / ___'_ __ _ _(_)_ __  __ _ \ \ \ \
( ( )\___ | '_ | '_| | '_ \/ _` | \ \ \ \
 \\/  ___)| |_)| | | | | || (_| |  ) ) ) )
  '  |____| .__|_| |_|_| |_\__, | / / / /
 =========|_|==============|___/=/_/_/_/
 :: Spring Boot ::                (v3.1.5)

2023-11-29T15:40:33.843+05:30  INFO 84596 --- [           main] c.e.t.demo.player.PlayerRepositoryTest   : Starting PlayerRepositoryTest using Java 20.0.2 with PID 84596 (started by parveshbhardwaj in /Users/parveshbhardwaj/Documents/citizen/pocs/demo-testcontainers)
2023-11-29T15:40:33.849+05:30  INFO 84596 --- [           main] c.e.t.demo.player.PlayerRepositoryTest   : No active profile set, falling back to 1 default profile: "default"
2023-11-29T15:40:37.553+05:30  INFO 84596 --- [           main] .s.d.r.c.RepositoryConfigurationDelegate : Bootstrapping Spring Data JPA repositories in DEFAULT mode.
2023-11-29T15:40:37.926+05:30  INFO 84596 --- [           main] .s.d.r.c.RepositoryConfigurationDelegate : Finished Spring Data repository scanning in 352 ms. Found 1 JPA repository interfaces.
2023-11-29T15:40:44.181+05:30  INFO 84596 --- [           main] liquibase.database                       : Set default schema name to public
2023-11-29T15:40:47.180+05:30  INFO 84596 --- [           main] liquibase.changelog                      : Creating database history table with name: public.databasechangelog
2023-11-29T15:40:47.582+05:30  INFO 84596 --- [           main] liquibase.changelog                      : Reading from public.databasechangelog
2023-11-29T15:40:48.530+05:30  INFO 84596 --- [           main] liquibase.lockservice                    : Successfully acquired change log lock
2023-11-29T15:40:49.156+05:30  INFO 84596 --- [           main] liquibase.command                        : Using deploymentId: 1252649155
2023-11-29T15:40:49.168+05:30  INFO 84596 --- [           main] liquibase.changelog                      : Reading from public.databasechangelog
Running Changeset: db/changelog/changes/create-player-00001.sql::player_table::parvesh
2023-11-29T15:40:49.624+05:30  INFO 84596 --- [           main] liquibase.changelog                      : Custom SQL executed
2023-11-29T15:40:49.751+05:30  INFO 84596 --- [           main] liquibase.changelog                      : ChangeSet db/changelog/changes/create-player-00001.sql::player_table::parvesh ran successfully in 318ms
2023-11-29T15:40:50.039+05:30  INFO 84596 --- [           main] liquibase.util                           : UPDATE SUMMARY
2023-11-29T15:40:50.039+05:30  INFO 84596 --- [           main] liquibase.util                           : Run:                          1
2023-11-29T15:40:50.040+05:30  INFO 84596 --- [           main] liquibase.util                           : Previously run:               0
2023-11-29T15:40:50.040+05:30  INFO 84596 --- [           main] liquibase.util                           : Filtered out:                 0
2023-11-29T15:40:50.041+05:30  INFO 84596 --- [           main] liquibase.util                           : -------------------------------
2023-11-29T15:40:50.042+05:30  INFO 84596 --- [           main] liquibase.util                           : Total change sets:            1


UPDATE SUMMARY
Run:                          1
Previously run:               0
Filtered out:                 0
-------------------------------
Total change sets:            1

2023-11-29T15:40:50.044+05:30  INFO 84596 --- [           main] liquibase.util                           : Update summary generated
2023-11-29T15:40:50.048+05:30  INFO 84596 --- [           main] liquibase.command                        : Update command completed successfully.
Liquibase: Update has been successful. Rows affected: 1
2023-11-29T15:40:50.146+05:30  INFO 84596 --- [           main] liquibase.lockservice                    : Successfully released change log lock
2023-11-29T15:40:50.156+05:30  INFO 84596 --- [           main] liquibase.command                        : Command execution complete
2023-11-29T15:40:50.407+05:30  INFO 84596 --- [           main] com.zaxxer.hikari.HikariDataSource       : HikariPool-1 - Starting...
2023-11-29T15:40:50.960+05:30  INFO 84596 --- [           main] com.zaxxer.hikari.pool.HikariPool        : HikariPool-1 - Added connection org.postgresql.jdbc.PgConnection@34beadce
2023-11-29T15:40:50.968+05:30  INFO 84596 --- [           main] com.zaxxer.hikari.HikariDataSource       : HikariPool-1 - Start completed.
2023-11-29T15:40:51.407+05:30  INFO 84596 --- [           main] o.hibernate.jpa.internal.util.LogHelper  : HHH000204: Processing PersistenceUnitInfo [name: default]
2023-11-29T15:40:52.275+05:30  INFO 84596 --- [           main] org.hibernate.Version                    : HHH000412: Hibernate ORM core version 6.2.13.Final
2023-11-29T15:40:52.286+05:30  INFO 84596 --- [           main] org.hibernate.cfg.Environment            : HHH000406: Using bytecode reflection optimizer
2023-11-29T15:40:55.631+05:30  INFO 84596 --- [           main] o.s.o.j.p.SpringPersistenceUnitInfo      : No LoadTimeWeaver setup: ignoring JPA class transformer
2023-11-29T15:40:59.750+05:30  INFO 84596 --- [           main] o.h.e.t.j.p.i.JtaPlatformInitiator       : HHH000489: No JTA platform available (set 'hibernate.transaction.jta.platform' to enable JTA platform integration)
2023-11-29T15:40:59.759+05:30  INFO 84596 --- [           main] j.LocalContainerEntityManagerFactoryBean : Initialized JPA EntityManagerFactory for persistence unit 'default'
2023-11-29T15:41:00.897+05:30  INFO 84596 --- [           main] c.e.t.demo.player.PlayerRepositoryTest   : Started PlayerRepositoryTest in 30.145 seconds (process running for 81.266)
Hibernate: insert into players (catches,name,playerid,runs,wickets) values (?,?,?,?,?)
]]></system-out>
  </testcase>
  <testcase name="testPlayerCRUD" classname="com.example.testcontainers.demo.player.PlayerRepositoryTest" time="0.762">
    <system-out><![CDATA[Hibernate: insert into players (catches,name,playerid,runs,wickets) values (?,?,?,?,?)
Hibernate: select p1_0.id,p1_0.catches,p1_0.name,p1_0.playerid,p1_0.runs,p1_0.wickets from players p1_0 where p1_0.playerid=?
]]></system-out>
  </testcase>
</testsuite>